<?xml version="1.0" encoding="UTF-8"?>
<!-- Generated by org.testng.reporters.JUnitReportReporter -->
<testsuite skipped="0" hostname="LAPTOP-31SKV446" name="TestCase" tests="5" failures="0" timestamp="08 Oct 2019 08:56:58 GMT" time="0.032" errors="0">
  <testcase name="test" time="0.008" classname="TestCase"/>
  <testcase name="test" time="0.002" classname="TestCase"/>
  <testcase name="test" time="0.004" classname="TestCase"/>
  <testcase name="test" time="0.010" classname="TestCase"/>
  <testcase name="test" time="0.008" classname="TestCase"/>
</testsuite> <!-- TestCase -->
